<?xml version="1.0" encoding="UTF-8"?>
<!-- Generated by org.testng.reporters.JUnitReportReporter -->
<testsuite hostname="ip-172-31-30-188" failures="0" tests="1" name="pageObject.Home" time="8.219" errors="0" timestamp="2024-06-24T14:30:01 UTC" skipped="0">
  <testcase classname="pageObject.Home" name="HomePageTest" time="8.219"/>
</testsuite> <!-- pageObject.Home -->
