<?xml version="1.0" encoding="UTF-8"?>
<!-- Generated by org.testng.reporters.JUnitReportReporter -->
<testsuite hostname="ip-172-31-27-161" failures="0" tests="1" name="dummyAPi.DummyRestAPI" time="3.705" errors="0" timestamp="2024-08-23T17:55:58 UTC" skipped="0">
  <testcase classname="dummyAPi.DummyRestAPI" name="EndToEnd" time="3.705"/>
</testsuite> <!-- dummyAPi.DummyRestAPI -->
