<?xml version="1.0" encoding="UTF-8"?>
<!-- Generated by org.testng.reporters.JUnitReportReporter -->
<testsuite hostname="ip-172-31-30-188" failures="0" tests="1" name="test.seltest" time="22.847" errors="0" timestamp="21 Jun 2024 13:28:39 GMT">
  <testcase classname="test.seltest" name="standalone" time="22.847"/>
</testsuite>
