<?xml version="1.0" encoding="UTF-8"?>
<!-- Generated by org.testng.reporters.JUnitReportReporter -->
<testsuite hostname="ip-172-31-30-188" failures="0" tests="1" name="Testpizzas.PizzaHutcom" time="15.484" errors="0" timestamp="2024-06-27T10:19:45 UTC" skipped="0">
  <testcase classname="Testpizzas.PizzaHutcom" name="endToend" time="15.484"/>
</testsuite> <!-- Testpizzas.PizzaHutcom -->
